{"/Users/nickhart/Turing/4module/MediMindeRx-Mobile/App.js": {"path":"/Users/nickhart/Turing/4module/MediMindeRx-Mobile/App.js","statementMap":{"0":{"start":{"line":16,"column":14},"end":{"line":16,"column":36}},"1":{"start":{"line":17,"column":0},"end":{"line":17,"column":32}},"2":{"start":{"line":19,"column":0},"end":{"line":25,"column":3}},"3":{"start":{"line":20,"column":35},"end":{"line":24,"column":3}},"4":{"start":{"line":28,"column":2},"end":{"line":42,"column":4}}},"fnMap":{"0":{"name":"(anonymous_0)","decl":{"start":{"line":20,"column":22},"end":{"line":20,"column":23}},"loc":{"start":{"line":20,"column":35},"end":{"line":24,"column":3}},"line":20},"1":{"name":"App","decl":{"start":{"line":27,"column":24},"end":{"line":27,"column":27}},"loc":{"start":{"line":27,"column":30},"end":{"line":43,"column":1}},"line":27}},"branchMap":{},"s":{"0":0,"1":0,"2":0,"3":0,"4":0},"f":{"0":0,"1":0},"b":{}}
,"/Users/nickhart/Turing/4module/MediMindeRx-Mobile/src/LandingPage/LandingPage.js": {"path":"/Users/nickhart/Turing/4module/MediMindeRx-Mobile/src/LandingPage/LandingPage.js","statementMap":{"0":{"start":{"line":25,"column":57},"end":{"line":25,"column":125}},"1":{"start":{"line":26,"column":52},"end":{"line":26,"column":115}},"2":{"start":{"line":28,"column":15},"end":{"line":48,"column":5}},"3":{"start":{"line":50,"column":25},"end":{"line":52,"column":5}},"4":{"start":{"line":51,"column":6},"end":{"line":51,"column":29}},"5":{"start":{"line":54,"column":26},"end":{"line":67,"column":5}},"6":{"start":{"line":55,"column":6},"end":{"line":67,"column":5}},"7":{"start":{"line":61,"column":27},"end":{"line":61,"column":56}},"8":{"start":{"line":64,"column":39},"end":{"line":64,"column":64}},"9":{"start":{"line":70,"column":31},"end":{"line":83,"column":5}},"10":{"start":{"line":71,"column":6},"end":{"line":82,"column":7}},"11":{"start":{"line":76,"column":10},"end":{"line":76,"column":63}},"12":{"start":{"line":81,"column":8},"end":{"line":81,"column":23}},"13":{"start":{"line":85,"column":26},"end":{"line":87,"column":6}},"14":{"start":{"line":89,"column":4},"end":{"line":121,"column":3}},"15":{"start":{"line":90,"column":6},"end":{"line":90,"column":26}},"16":{"start":{"line":92,"column":6},"end":{"line":120,"column":5}},"17":{"start":{"line":108,"column":38},"end":{"line":108,"column":56}},"18":{"start":{"line":124,"column":17},"end":{"line":179,"column":2}}},"fnMap":{"0":{"name":"(anonymous_0)","decl":{"start":{"line":24,"column":31},"end":{"line":24,"column":32}},"loc":{"start":{"line":24,"column":51},"end":{"line":122,"column":1}},"line":24},"1":{"name":"(anonymous_1)","decl":{"start":{"line":50,"column":25},"end":{"line":50,"column":26}},"loc":{"start":{"line":50,"column":35},"end":{"line":52,"column":5}},"line":50},"2":{"name":"(anonymous_2)","decl":{"start":{"line":54,"column":26},"end":{"line":54,"column":27}},"loc":{"start":{"line":55,"column":6},"end":{"line":67,"column":5}},"line":55},"3":{"name":"(anonymous_3)","decl":{"start":{"line":61,"column":21},"end":{"line":61,"column":22}},"loc":{"start":{"line":61,"column":27},"end":{"line":61,"column":56}},"line":61},"4":{"name":"(anonymous_4)","decl":{"start":{"line":64,"column":33},"end":{"line":64,"column":34}},"loc":{"start":{"line":64,"column":39},"end":{"line":64,"column":64}},"line":64},"5":{"name":"(anonymous_5)","decl":{"start":{"line":70,"column":31},"end":{"line":70,"column":32}},"loc":{"start":{"line":70,"column":43},"end":{"line":83,"column":5}},"line":70},"6":{"name":"(anonymous_6)","decl":{"start":{"line":108,"column":28},"end":{"line":108,"column":29}},"loc":{"start":{"line":108,"column":38},"end":{"line":108,"column":56}},"line":108}},"branchMap":{"0":{"loc":{"start":{"line":71,"column":6},"end":{"line":82,"column":7}},"type":"if","locations":[{"start":{"line":71,"column":6},"end":{"line":82,"column":7}},{"start":{"line":71,"column":6},"end":{"line":82,"column":7}}],"line":71},"1":{"loc":{"start":{"line":89,"column":4},"end":{"line":121,"column":3}},"type":"if","locations":[{"start":{"line":89,"column":4},"end":{"line":121,"column":3}},{"start":{"line":89,"column":4},"end":{"line":121,"column":3}}],"line":89}},"s":{"0":2,"1":2,"2":2,"3":2,"4":0,"5":2,"6":0,"7":0,"8":0,"9":2,"10":0,"11":0,"12":0,"13":2,"14":2,"15":1,"16":1,"17":0,"18":1},"f":{"0":2,"1":0,"2":0,"3":0,"4":0,"5":0,"6":0},"b":{"0":[0,0],"1":[1,1]},"_coverageSchema":"1a1c01bbd47fc00a2c39e90264f33305004495a9","hash":"ceeae66e7ff573782f4f184221d0fb657cb4a118"}
}
