{"/Users/benmcclung/Documents/mod4/MediMindeRx-Mobile/src/LandingPage/LandingPage.js": {"path":"/Users/benmcclung/Documents/mod4/MediMindeRx-Mobile/src/LandingPage/LandingPage.js","statementMap":{"0":{"start":{"line":25,"column":57},"end":{"line":25,"column":125}},"1":{"start":{"line":26,"column":52},"end":{"line":26,"column":115}},"2":{"start":{"line":28,"column":15},"end":{"line":50,"column":5}},"3":{"start":{"line":52,"column":25},"end":{"line":54,"column":5}},"4":{"start":{"line":53,"column":6},"end":{"line":53,"column":29}},"5":{"start":{"line":56,"column":26},"end":{"line":69,"column":5}},"6":{"start":{"line":57,"column":6},"end":{"line":69,"column":5}},"7":{"start":{"line":63,"column":27},"end":{"line":63,"column":56}},"8":{"start":{"line":66,"column":39},"end":{"line":66,"column":64}},"9":{"start":{"line":72,"column":31},"end":{"line":85,"column":5}},"10":{"start":{"line":73,"column":6},"end":{"line":84,"column":7}},"11":{"start":{"line":74,"column":25},"end":{"line":74,"column":44}},"12":{"start":{"line":75,"column":8},"end":{"line":81,"column":9}},"13":{"start":{"line":76,"column":26},"end":{"line":76,"column":52}},"14":{"start":{"line":77,"column":10},"end":{"line":77,"column":35}},"15":{"start":{"line":78,"column":10},"end":{"line":78,"column":63}},"16":{"start":{"line":80,"column":10},"end":{"line":80,"column":38}},"17":{"start":{"line":83,"column":8},"end":{"line":83,"column":23}},"18":{"start":{"line":87,"column":26},"end":{"line":89,"column":6}},"19":{"start":{"line":91,"column":4},"end":{"line":123,"column":3}},"20":{"start":{"line":92,"column":6},"end":{"line":92,"column":26}},"21":{"start":{"line":94,"column":6},"end":{"line":122,"column":5}},"22":{"start":{"line":110,"column":38},"end":{"line":110,"column":56}},"23":{"start":{"line":126,"column":17},"end":{"line":181,"column":2}}},"fnMap":{"0":{"name":"(anonymous_0)","decl":{"start":{"line":24,"column":31},"end":{"line":24,"column":32}},"loc":{"start":{"line":24,"column":51},"end":{"line":124,"column":1}},"line":24},"1":{"name":"(anonymous_1)","decl":{"start":{"line":52,"column":25},"end":{"line":52,"column":26}},"loc":{"start":{"line":52,"column":35},"end":{"line":54,"column":5}},"line":52},"2":{"name":"(anonymous_2)","decl":{"start":{"line":56,"column":26},"end":{"line":56,"column":27}},"loc":{"start":{"line":57,"column":6},"end":{"line":69,"column":5}},"line":57},"3":{"name":"(anonymous_3)","decl":{"start":{"line":63,"column":21},"end":{"line":63,"column":22}},"loc":{"start":{"line":63,"column":27},"end":{"line":63,"column":56}},"line":63},"4":{"name":"(anonymous_4)","decl":{"start":{"line":66,"column":33},"end":{"line":66,"column":34}},"loc":{"start":{"line":66,"column":39},"end":{"line":66,"column":64}},"line":66},"5":{"name":"(anonymous_5)","decl":{"start":{"line":72,"column":31},"end":{"line":72,"column":32}},"loc":{"start":{"line":72,"column":43},"end":{"line":85,"column":5}},"line":72},"6":{"name":"(anonymous_6)","decl":{"start":{"line":110,"column":28},"end":{"line":110,"column":29}},"loc":{"start":{"line":110,"column":38},"end":{"line":110,"column":56}},"line":110}},"branchMap":{"0":{"loc":{"start":{"line":73,"column":6},"end":{"line":84,"column":7}},"type":"if","locations":[{"start":{"line":73,"column":6},"end":{"line":84,"column":7}},{"start":{"line":73,"column":6},"end":{"line":84,"column":7}}],"line":73},"1":{"loc":{"start":{"line":91,"column":4},"end":{"line":123,"column":3}},"type":"if","locations":[{"start":{"line":91,"column":4},"end":{"line":123,"column":3}},{"start":{"line":91,"column":4},"end":{"line":123,"column":3}}],"line":91}},"s":{"0":8,"1":8,"2":8,"3":8,"4":2,"5":8,"6":0,"7":0,"8":0,"9":8,"10":0,"11":0,"12":0,"13":0,"14":0,"15":0,"16":0,"17":0,"18":8,"19":8,"20":4,"21":4,"22":2,"23":1},"f":{"0":8,"1":2,"2":0,"3":0,"4":0,"5":0,"6":2},"b":{"0":[0,0],"1":[4,4]},"_coverageSchema":"1a1c01bbd47fc00a2c39e90264f33305004495a9","hash":"35b8e301d20dddbe732b9e8eac64f73071df34cf"}
}
