TN:
SF:src/LandingPage/LandingPage.js
FN:24,(anonymous_0)
FN:52,(anonymous_1)
FN:56,(anonymous_2)
FN:63,(anonymous_3)
FN:66,(anonymous_4)
FN:72,(anonymous_5)
FN:110,(anonymous_6)
FNF:7
FNH:1
FNDA:4,(anonymous_0)
FNDA:0,(anonymous_1)
FNDA:0,(anonymous_2)
FNDA:0,(anonymous_3)
FNDA:0,(anonymous_4)
FNDA:0,(anonymous_5)
FNDA:0,(anonymous_6)
DA:25,4
DA:26,4
DA:28,4
DA:52,4
DA:53,0
DA:56,4
DA:57,0
DA:63,0
DA:66,0
DA:72,4
DA:73,0
DA:74,0
DA:75,0
DA:76,0
DA:77,0
DA:78,0
DA:80,0
DA:83,0
DA:87,4
DA:91,4
DA:92,2
DA:94,2
DA:110,0
DA:126,1
LF:24
LH:11
BRDA:73,0,0,0
BRDA:73,0,1,0
BRDA:91,1,0,2
BRDA:91,1,1,2
BRF:4
BRH:2
end_of_record
