TN:
SF:App.js
FN:20,(anonymous_0)
FN:27,App
FNF:2
FNH:0
FNDA:0,(anonymous_0)
FNDA:0,App
DA:16,0
DA:17,0
DA:19,0
DA:20,0
DA:28,0
LF:5
LH:0
BRF:0
BRH:0
end_of_record
TN:
SF:src/LandingPage/LandingPage.js
FN:24,(anonymous_0)
FN:50,(anonymous_1)
FN:54,(anonymous_2)
FN:61,(anonymous_3)
FN:64,(anonymous_4)
FN:70,(anonymous_5)
FN:108,(anonymous_6)
FNF:7
FNH:1
FNDA:2,(anonymous_0)
FNDA:0,(anonymous_1)
FNDA:0,(anonymous_2)
FNDA:0,(anonymous_3)
FNDA:0,(anonymous_4)
FNDA:0,(anonymous_5)
FNDA:0,(anonymous_6)
DA:25,2
DA:26,2
DA:28,2
DA:50,2
DA:51,0
DA:54,2
DA:55,0
DA:61,0
DA:64,0
DA:70,2
DA:71,0
DA:76,0
DA:81,0
DA:85,2
DA:89,2
DA:90,1
DA:92,1
DA:108,0
DA:124,1
LF:19
LH:11
BRDA:71,0,0,0
BRDA:71,0,1,0
BRDA:89,1,0,1
BRDA:89,1,1,1
BRF:4
BRH:2
end_of_record
